app/build/outputs/logs/manifest-merger-debug-report.txt
-- Merging decision tree log ---
manifest
ADDED from src\main\AndroidManifest.xml:2:1-29:12
INJECTED from src\main\AndroidManifest.xml:2:1-29:12
INJECTED from src\main\AndroidManifest.xml:2:1-29:12
INJECTED from src\main\AndroidManifest.xml:2:1-29:12
MERGED from [com.android.support:appcompat-v7:28.0.0-rc01] AndroidManifest.xml:17:1-22:12
MERGED from [com.android.support.constraint:constraint-layout:1.0.2] AndroidManifest.xml:2:1-11:12
MERGED from [com.android.support:cardview-v7:28.0.0-rc02] AndroidManifest.xml:17:1-22:12
MERGED from [com.android.support:recyclerview-v7:28.0.0-rc01] AndroidManifest.xml:17:1-22:12
MERGED from [android.arch.persistence.room:runtime:1.1.1] AndroidManifest.xml:17:1-22:12
MERGED from [com.squareup.picasso:picasso:2.71828] AndroidManifest.xml:2:1-14:12
MERGED from [com.chibatching.kotpref:kotpref:2.6.0] AndroidManifest.xml:2:1-12:12
MERGED from [com.android.support:support-fragment:28.0.0-rc01] AndroidManifest.xml:17:1-22:12
MERGED from [com.android.support:animated-vector-drawable:28.0.0-rc01] AndroidManifest.xml:17:1-22:12
MERGED from [com.android.support:support-vector-drawable:28.0.0-rc01] AndroidManifest.xml:17:1-22:12
MERGED from [com.android.support:support-core-ui:28.0.0-rc01] AndroidManifest.xml:17:1-22:12
MERGED from [com.android.support:support-core-utils:28.0.0-rc01] AndroidManifest.xml:17:1-22:12
MERGED from [com.android.support:loader:28.0.0-rc01] AndroidManifest.xml:17:1-22:12
MERGED from [com.android.support:viewpager:28.0.0-rc01] AndroidManifest.xml:17:1-22:12
MERGED from [com.android.support:coordinatorlayout:28.0.0-rc01] AndroidManifest.xml:17:1-22:12
MERGED from [com.android.support:drawerlayout:28.0.0-rc01] AndroidManifest.xml:17:1-22:12
MERGED from [com.android.support:slidingpanelayout:28.0.0-rc01] AndroidManifest.xml:17:1-22:12
MERGED from [com.android.support:customview:28.0.0-rc01] AndroidManifest.xml:17:1-22:12
MERGED from [com.android.support:swiperefreshlayout:28.0.0-rc01] AndroidManifest.xml:17:1-22:12
MERGED from [com.android.support:asynclayoutinflater:28.0.0-rc01] AndroidManifest.xml:17:1-22:12
MERGED from [com.android.support:support-compat:28.0.0-rc01] AndroidManifest.xml:17:1-24:12
MERGED from [com.android.support:versionedparcelable:28.0.0-rc01] AndroidManifest.xml:17:1-25:12
MERGED from [com.android.support:cursoradapter:28.0.0-rc01] AndroidManifest.xml:17:1-22:12
MERGED from [android.arch.persistence:db-framework:1.1.1] AndroidManifest.xml:17:1-22:12
MERGED from [android.arch.persistence:db:1.1.1] AndroidManifest.xml:17:1-22:12
MERGED from [android.arch.lifecycle:livedata-core:1.1.1] AndroidManifest.xml:17:1-22:12
MERGED from [android.arch.core:runtime:1.1.1] AndroidManifest.xml:17:1-22:12
MERGED from [com.android.support:exifinterface:27.1.0] AndroidManifest.xml:17:1-22:12
MERGED from [android.arch.lifecycle:runtime:1.1.1] AndroidManifest.xml:17:1-22:12
MERGED from [android.arch.lifecycle:viewmodel:1.1.1] AndroidManifest.xml:17:1-22:12
MERGED from [com.android.support:interpolator:28.0.0-rc01] AndroidManifest.xml:17:1-22:12
MERGED from [com.android.support:documentfile:28.0.0-rc01] AndroidManifest.xml:17:1-22:12
MERGED from [com.android.support:localbroadcastmanager:28.0.0-rc01] AndroidManifest.xml:17:1-22:12
MERGED from [com.android.support:print:28.0.0-rc01] AndroidManifest.xml:17:1-22:12
INJECTED from src\main\AndroidManifest.xml:2:1-29:12
INJECTED from src\main\AndroidManifest.xml:2:1-29:12
INJECTED from src\main\AndroidManifest.xml:2:1-29:12
	package
		ADDED from src\main\AndroidManifest.xml:3:5-53
		INJECTED from src\main\AndroidManifest.xml
		INJECTED from src\main\AndroidManifest.xml
	android:versionName
		INJECTED from src\main\AndroidManifest.xml
		ADDED from src\main\AndroidManifest.xml:2:1-29:12
		INJECTED from src\main\AndroidManifest.xml
	android:versionCode
		INJECTED from src\main\AndroidManifest.xml
		ADDED from src\main\AndroidManifest.xml:2:1-29:12
		INJECTED from src\main\AndroidManifest.xml
	xmlns:android
		ADDED from src\main\AndroidManifest.xml:2:11-69
uses-permission#android.permission.INTERNET
ADDED from src\main\AndroidManifest.xml:5:5-67
	android:name
		ADDED from src\main\AndroidManifest.xml:5:22-64
application
ADDED from src\main\AndroidManifest.xml:7:5-27:19
MERGED from [com.android.support.constraint:constraint-layout:1.0.2] AndroidManifest.xml:9:5-20
MERGED from [com.android.support.constraint:constraint-layout:1.0.2] AndroidManifest.xml:9:5-20
MERGED from [com.squareup.picasso:picasso:2.71828] AndroidManifest.xml:7:5-12:19
MERGED from [com.squareup.picasso:picasso:2.71828] AndroidManifest.xml:7:5-12:19
MERGED from [com.chibatching.kotpref:kotpref:2.6.0] AndroidManifest.xml:10:5-20
MERGED from [com.chibatching.kotpref:kotpref:2.6.0] AndroidManifest.xml:10:5-20
MERGED from [com.android.support:support-compat:28.0.0-rc01] AndroidManifest.xml:22:5-94
MERGED from [com.android.support:support-compat:28.0.0-rc01] AndroidManifest.xml:22:5-94
MERGED from [com.android.support:versionedparcelable:28.0.0-rc01] AndroidManifest.xml:22:5-23:19
MERGED from [com.android.support:versionedparcelable:28.0.0-rc01] AndroidManifest.xml:22:5-23:19
	android:appComponentFactory
		ADDED from [com.android.support:support-compat:28.0.0-rc01] AndroidManifest.xml:22:18-91
	android:supportsRtl
		ADDED from src\main\AndroidManifest.xml:13:9-35
	android:label
		ADDED from src\main\AndroidManifest.xml:11:9-41
	android:roundIcon
		ADDED from src\main\AndroidManifest.xml:12:9-49
	android:icon
		ADDED from src\main\AndroidManifest.xml:10:9-44
	android:allowBackup
		ADDED from src\main\AndroidManifest.xml:9:9-35
	android:theme
		ADDED from src\main\AndroidManifest.xml:14:9-65
	android:name
		ADDED from src\main\AndroidManifest.xml:8:9-28
activity#com.example.user.nastya_danchenko_shop.MainActivity
ADDED from src\main\AndroidManifest.xml:15:9-21:20
	android:configChanges
		ADDED from src\main\AndroidManifest.xml:16:13-59
	android:name
		ADDED from src\main\AndroidManifest.xml:15:19-47
intent-filter#action:name:android.intent.action.MAIN+category:name:android.intent.category.LAUNCHER
ADDED from src\main\AndroidManifest.xml:17:13-20:29
action#android.intent.action.MAIN
ADDED from src\main\AndroidManifest.xml:18:17-69
	android:name
		ADDED from src\main\AndroidManifest.xml:18:25-66
category#android.intent.category.LAUNCHER
ADDED from src\main\AndroidManifest.xml:19:17-77
	android:name
		ADDED from src\main\AndroidManifest.xml:19:27-74
activity#com.example.user.nastya_danchenko_shop.AboutActivity
ADDED from src\main\AndroidManifest.xml:22:9-51
	android:name
		ADDED from src\main\AndroidManifest.xml:22:19-48
activity#com.example.user.nastya_danchenko_shop.IntroActivity
ADDED from src\main\AndroidManifest.xml:23:9-51
	android:name
		ADDED from src\main\AndroidManifest.xml:23:19-48
activity#com.example.user.nastya_danchenko_shop.ProductsActivity
ADDED from src\main\AndroidManifest.xml:24:9-54
	android:name
		ADDED from src\main\AndroidManifest.xml:24:19-51
activity#com.example.user.nastya_danchenko_shop.CategoriesActivity
ADDED from src\main\AndroidManifest.xml:25:9-56
	android:name
		ADDED from src\main\AndroidManifest.xml:25:19-53
activity#com.example.user.nastya_danchenko_shop.ProductDetailsActivity
ADDED from src\main\AndroidManifest.xml:26:9-69
	android:name
		ADDED from src\main\AndroidManifest.xml:26:19-57
uses-sdk
INJECTED from src\main\AndroidManifest.xml reason: use-sdk injection requested
INJECTED from src\main\AndroidManifest.xml
INJECTED from src\main\AndroidManifest.xml
MERGED from [com.android.support:appcompat-v7:28.0.0-rc01] AndroidManifest.xml:20:5-44
MERGED from [com.android.support:appcompat-v7:28.0.0-rc01] AndroidManifest.xml:20:5-44
MERGED from [com.android.support.constraint:constraint-layout:1.0.2] AndroidManifest.xml:5:5-7:41
MERGED from [com.android.support.constraint:constraint-layout:1.0.2] AndroidManifest.xml:5:5-7:41
MERGED from [com.android.support:cardview-v7:28.0.0-rc02] AndroidManifest.xml:20:5-44
MERGED from [com.android.support:cardview-v7:28.0.0-rc02] AndroidManifest.xml:20:5-44
MERGED from [com.android.support:recyclerview-v7:28.0.0-rc01] AndroidManifest.xml:20:5-44
MERGED from [com.android.support:recyclerview-v7:28.0.0-rc01] AndroidManifest.xml:20:5-44
MERGED from [android.arch.persistence.room:runtime:1.1.1] AndroidManifest.xml:20:5-44
MERGED from [android.arch.persistence.room:runtime:1.1.1] AndroidManifest.xml:20:5-44
MERGED from [com.squareup.picasso:picasso:2.71828] AndroidManifest.xml:5:5-44
MERGED from [com.squareup.picasso:picasso:2.71828] AndroidManifest.xml:5:5-44
MERGED from [com.chibatching.kotpref:kotpref:2.6.0] AndroidManifest.xml:6:5-8:41
MERGED from [com.chibatching.kotpref:kotpref:2.6.0] AndroidManifest.xml:6:5-8:41
MERGED from [com.android.support:support-fragment:28.0.0-rc01] AndroidManifest.xml:20:5-44
MERGED from [com.android.support:support-fragment:28.0.0-rc01] AndroidManifest.xml:20:5-44
MERGED from [com.android.support:animated-vector-drawable:28.0.0-rc01] AndroidManifest.xml:20:5-44
MERGED from [com.android.support:animated-vector-drawable:28.0.0-rc01] AndroidManifest.xml:20:5-44
MERGED from [com.android.support:support-vector-drawable:28.0.0-rc01] AndroidManifest.xml:20:5-44
MERGED from [com.android.support:support-vector-drawable:28.0.0-rc01] AndroidManifest.xml:20:5-44
MERGED from [com.android.support:support-core-ui:28.0.0-rc01] AndroidManifest.xml:20:5-44
MERGED from [com.android.support:support-core-ui:28.0.0-rc01] AndroidManifest.xml:20:5-44
MERGED from [com.android.support:support-core-utils:28.0.0-rc01] AndroidManifest.xml:20:5-44
MERGED from [com.android.support:support-core-utils:28.0.0-rc01] AndroidManifest.xml:20:5-44
MERGED from [com.android.support:loader:28.0.0-rc01] AndroidManifest.xml:20:5-44
MERGED from [com.android.support:loader:28.0.0-rc01] AndroidManifest.xml:20:5-44
MERGED from [com.android.support:viewpager:28.0.0-rc01] AndroidManifest.xml:20:5-44
MERGED from [com.android.support:viewpager:28.0.0-rc01] AndroidManifest.xml:20:5-44
MERGED from [com.android.support:coordinatorlayout:28.0.0-rc01] AndroidManifest.xml:20:5-44
MERGED from [com.android.support:coordinatorlayout:28.0.0-rc01] AndroidManifest.xml:20:5-44
MERGED from [com.android.support:drawerlayout:28.0.0-rc01] AndroidManifest.xml:20:5-44
MERGED from [com.android.support:drawerlayout:28.0.0-rc01] AndroidManifest.xml:20:5-44
MERGED from [com.android.support:slidingpanelayout:28.0.0-rc01] AndroidManifest.xml:20:5-44
MERGED from [com.android.support:slidingpanelayout:28.0.0-rc01] AndroidManifest.xml:20:5-44
MERGED from [com.android.support:customview:28.0.0-rc01] AndroidManifest.xml:20:5-44
MERGED from [com.android.support:customview:28.0.0-rc01] AndroidManifest.xml:20:5-44
MERGED from [com.android.support:swiperefreshlayout:28.0.0-rc01] AndroidManifest.xml:20:5-44
MERGED from [com.android.support:swiperefreshlayout:28.0.0-rc01] AndroidManifest.xml:20:5-44
MERGED from [com.android.support:asynclayoutinflater:28.0.0-rc01] AndroidManifest.xml:20:5-44
MERGED from [com.android.support:asynclayoutinflater:28.0.0-rc01] AndroidManifest.xml:20:5-44
MERGED from [com.android.support:support-compat:28.0.0-rc01] AndroidManifest.xml:20:5-44
MERGED from [com.android.support:support-compat:28.0.0-rc01] AndroidManifest.xml:20:5-44
MERGED from [com.android.support:versionedparcelable:28.0.0-rc01] AndroidManifest.xml:20:5-44
MERGED from [com.android.support:versionedparcelable:28.0.0-rc01] AndroidManifest.xml:20:5-44
MERGED from [com.android.support:cursoradapter:28.0.0-rc01] AndroidManifest.xml:20:5-44
MERGED from [com.android.support:cursoradapter:28.0.0-rc01] AndroidManifest.xml:20:5-44
MERGED from [android.arch.persistence:db-framework:1.1.1] AndroidManifest.xml:20:5-44
MERGED from [android.arch.persistence:db-framework:1.1.1] AndroidManifest.xml:20:5-44
MERGED from [android.arch.persistence:db:1.1.1] AndroidManifest.xml:20:5-44
MERGED from [android.arch.persistence:db:1.1.1] AndroidManifest.xml:20:5-44
MERGED from [android.arch.lifecycle:livedata-core:1.1.1] AndroidManifest.xml:20:5-44
MERGED from [android.arch.lifecycle:livedata-core:1.1.1] AndroidManifest.xml:20:5-44
MERGED from [android.arch.core:runtime:1.1.1] AndroidManifest.xml:20:5-44
MERGED from [android.arch.core:runtime:1.1.1] AndroidManifest.xml:20:5-44
MERGED from [com.android.support:exifinterface:27.1.0] AndroidManifest.xml:20:5-44
MERGED from [com.android.support:exifinterface:27.1.0] AndroidManifest.xml:20:5-44
MERGED from [android.arch.lifecycle:runtime:1.1.1] AndroidManifest.xml:20:5-44
MERGED from [android.arch.lifecycle:runtime:1.1.1] AndroidManifest.xml:20:5-44
MERGED from [android.arch.lifecycle:viewmodel:1.1.1] AndroidManifest.xml:20:5-44
MERGED from [android.arch.lifecycle:viewmodel:1.1.1] AndroidManifest.xml:20:5-44
MERGED from [com.android.support:interpolator:28.0.0-rc01] AndroidManifest.xml:20:5-44
MERGED from [com.android.support:interpolator:28.0.0-rc01] AndroidManifest.xml:20:5-44
MERGED from [com.android.support:documentfile:28.0.0-rc01] AndroidManifest.xml:20:5-44
MERGED from [com.android.support:documentfile:28.0.0-rc01] AndroidManifest.xml:20:5-44
MERGED from [com.android.support:localbroadcastmanager:28.0.0-rc01] AndroidManifest.xml:20:5-44
MERGED from [com.android.support:localbroadcastmanager:28.0.0-rc01] AndroidManifest.xml:20:5-44
MERGED from [com.android.support:print:28.0.0-rc01] AndroidManifest.xml:20:5-44
MERGED from [com.android.support:print:28.0.0-rc01] AndroidManifest.xml:20:5-44
INJECTED from src\main\AndroidManifest.xml
INJECTED from src\main\AndroidManifest.xml
	android:targetSdkVersion
		INJECTED from src\main\AndroidManifest.xml
		ADDED from src\main\AndroidManifest.xml
		INJECTED from src\main\AndroidManifest.xml
	android:minSdkVersion
		INJECTED from src\main\AndroidManifest.xml
		ADDED from src\main\AndroidManifest.xml
		INJECTED from src\main\AndroidManifest.xml
provider#com.squareup.picasso.PicassoProvider
ADDED from [com.squareup.picasso:picasso:2.71828] AndroidManifest.xml:8:9-11:40
	android:authorities
		ADDED from [com.squareup.picasso:picasso:2.71828] AndroidManifest.xml:10:13-72
	android:exported
		ADDED from [com.squareup.picasso:picasso:2.71828] AndroidManifest.xml:11:13-37
	android:name
		ADDED from [com.squareup.picasso:picasso:2.71828] AndroidManifest.xml:9:13-64